Using pre-set license
Built from '2020.2/staging' branch; Version is '2020.2.6f1 (8a2143876886) revision 9052483'; Using compiler version '192528614'; Build Type 'Release'
OS: 'Windows 10 Home Single Language; OS build 18363.1440; Version 1909; 64bit' Language: 'en' Physical Memory: 8092 MB
BatchMode: 1, IsHumanControllingUs: 0, StartBugReporterOnCrash: 0, Is64bit: 1, IsPro: 0

 COMMAND LINE ARGUMENTS:
C:\Program Files\Unity\Hub\Editor\2020.2.6f1\Editor\Unity.exe
-adb2
-batchMode
-noUpm
-name
AssetImportWorker0
-projectPath
C:/Users/mhins/Desktop/Olaf's Adventures
-logFile
Logs/AssetImportWorker0.log
-srvPort
27856
Successfully changed project path to: C:/Users/mhins/Desktop/Olaf's Adventures
C:/Users/mhins/Desktop/Olaf's Adventures
Using Asset Import Pipeline V2.
Refreshing native plugins compatible for Editor in 321.41 ms, found 1 plugins.
Preloading 0 native plugins for Editor in 0.00 ms.
Initialize engine version: 2020.2.6f1 (8a2143876886)
[Subsystems] Discovering subsystems at path C:/Program Files/Unity/Hub/Editor/2020.2.6f1/Editor/Data/Resources/UnitySubsystems
[Subsystems] Discovering subsystems at path C:/Users/mhins/Desktop/Olaf's Adventures/Assets
GfxDevice: creating device client; threaded=0
Direct3D:
    Version:  Direct3D 11.0 [level 11.0]
    Renderer: NVIDIA GeForce 940MX (ID=0x134d)
    Vendor:   
    VRAM:     4065 MB
    Driver:   22.21.13.8264
Initialize mono
Mono path[0] = 'C:/Program Files/Unity/Hub/Editor/2020.2.6f1/Editor/Data/Managed'
Mono path[1] = 'C:/Program Files/Unity/Hub/Editor/2020.2.6f1/Editor/Data/MonoBleedingEdge/lib/mono/unityjit'
Mono config path = 'C:/Program Files/Unity/Hub/Editor/2020.2.6f1/Editor/Data/MonoBleedingEdge/etc'
Using monoOptions --debugger-agent=transport=dt_socket,embedding=1,server=y,suspend=n,address=127.0.0.1:56520
Begin MonoManager ReloadAssembly
Registering precompiled unity dll's ...
Register platform support module: C:/Program Files/Unity/Hub/Editor/2020.2.6f1/Editor/Data/PlaybackEngines/WindowsStandaloneSupport/UnityEditor.WindowsStandalone.Extensions.dll
Registered in 0.012174 seconds.
Native extension for WindowsStandalone target not found
Refreshing native plugins compatible for Editor in 294.34 ms, found 1 plugins.
Preloading 0 native plugins for Editor in 0.00 ms.
Invoked RoslynAnalysisRunner static constructor.
RoslynAnalysisRunner will not be running.
RoslynAnalysisRunner has terminated.
Mono: successfully reloaded assembly
- Completed reload, in  4.664 seconds
Platform modules already initialized, skipping
Registering precompiled user dll's ...
Registered in 0.004069 seconds.
Begin MonoManager ReloadAssembly
Native extension for WindowsStandalone target not found
Refreshing native plugins compatible for Editor in 166.94 ms, found 1 plugins.
Preloading 0 native plugins for Editor in 0.00 ms.
Invoked RoslynAnalysisRunner static constructor.
RoslynAnalysisRunner will not be running.
RoslynAnalysisRunner has terminated.
Mono: successfully reloaded assembly
- Completed reload, in  4.754 seconds
Platform modules already initialized, skipping
========================================================================
Worker process is ready to serve import requests
Launched and connected shader compiler UnityShaderCompiler.exe after 0.32 seconds
Refreshing native plugins compatible for Editor in 2.23 ms, found 1 plugins.
Preloading 0 native plugins for Editor in 0.00 ms.
Unloading 1945 Unused Serialized files (Serialized files now loaded: 0)
System memory in use before: 89.8 MB.
System memory in use after: 89.9 MB.

Unloading 20 unused Assets to reduce memory usage. Loaded Objects now: 2393.
Total: 6.586300 ms (FindLiveObjects: 0.529000 ms CreateObjectMapping: 0.330800 ms MarkObjects: 5.458500 ms  DeleteObjects: 0.265100 ms)

========================================================================
Received Import Request.
  path: Assets/Sprites/WinterTileset/png/Object/Materials
  artifactKey: Guid(c8d2c786e1087e845b972e8ecfb5538d) Importer(815301076,1909f56bfc062723c751e8b465ee728b)
Start importing Assets/Sprites/WinterTileset/png/Object/Materials using Guid(c8d2c786e1087e845b972e8ecfb5538d) Importer(815301076,1909f56bfc062723c751e8b465ee728b)  -> (artifact id: '401cfeb61a09d57263d5009478f6437b') in 0.085286 seconds
  Import took 0.134599 seconds .

========================================================================
Received Import Request.
  Time since last request: 0.001769 seconds.
  path: Assets/Sprites/WinterTileset/png/Object/Materials/SnowMan.mat
  artifactKey: Guid(38773f37a719c3846856915ea922022a) Importer(815301076,1909f56bfc062723c751e8b465ee728b)
Start importing Assets/Sprites/WinterTileset/png/Object/Materials/SnowMan.mat using Guid(38773f37a719c3846856915ea922022a) Importer(815301076,1909f56bfc062723c751e8b465ee728b)  -> (artifact id: 'e1a56b1c9d5ad861c75142abfe3e195d') in 5.951316 seconds
  Import took 5.992381 seconds .

========================================================================
Received Prepare
Refreshing native plugins compatible for Editor in 21.16 ms, found 1 plugins.
Preloading 0 native plugins for Editor in 0.00 ms.
Unloading 5 Unused Serialized files (Serialized files now loaded: 0)
System memory in use before: 54.3 MB.
System memory in use after: 54.5 MB.

Unloading 5 unused Assets to reduce memory usage. Loaded Objects now: 2433.
Total: 24.234400 ms (FindLiveObjects: 0.905500 ms CreateObjectMapping: 0.484300 ms MarkObjects: 22.784600 ms  DeleteObjects: 0.054500 ms)

========================================================================
Received Prepare
Registering precompiled user dll's ...
Registered in 0.004835 seconds.
Begin MonoManager ReloadAssembly
Native extension for WindowsStandalone target not found
Refreshing native plugins compatible for Editor in 4.44 ms, found 1 plugins.
Preloading 0 native plugins for Editor in 0.00 ms.
Invoked RoslynAnalysisRunner static constructor.
RoslynAnalysisRunner will not be running.
RoslynAnalysisRunner has terminated.
Mono: successfully reloaded assembly
- Completed reload, in  4.995 seconds
Platform modules already initialized, skipping
Refreshing native plugins compatible for Editor in 3.07 ms, found 1 plugins.
Preloading 0 native plugins for Editor in 0.00 ms.
Unloading 1934 Unused Serialized files (Serialized files now loaded: 0)
System memory in use before: 92.6 MB.
System memory in use after: 92.7 MB.

Unloading 8 unused Assets to reduce memory usage. Loaded Objects now: 2437.
Total: 9.760500 ms (FindLiveObjects: 1.131700 ms CreateObjectMapping: 0.292900 ms MarkObjects: 8.285700 ms  DeleteObjects: 0.046400 ms)

========================================================================
Received Import Request.
  Time since last request: 222.063718 seconds.
  path: Assets/Scripts
  artifactKey: Guid(19eca1bd78d203448abd1664de46c9c1) Importer(815301076,1909f56bfc062723c751e8b465ee728b)
Start importing Assets/Scripts using Guid(19eca1bd78d203448abd1664de46c9c1) Importer(815301076,1909f56bfc062723c751e8b465ee728b)  -> (artifact id: 'bf045fc6394ef29bd91a994e3f8081c6') in 0.044245 seconds
  Import took 0.072739 seconds .

========================================================================
Received Import Request.
  Time since last request: 2.020538 seconds.
  path: Assets/Fire.cs
  artifactKey: Guid(13cf4aa798c21134fa8923d19b24af20) Importer(815301076,1909f56bfc062723c751e8b465ee728b)
Start importing Assets/Fire.cs using Guid(13cf4aa798c21134fa8923d19b24af20) Importer(815301076,1909f56bfc062723c751e8b465ee728b)  -> (artifact id: '1fd86c1f2962a4b7e00ee222de6f27ae') in 0.087986 seconds
  Import took 0.127592 seconds .

========================================================================
Received Import Request.
  Time since last request: 0.007028 seconds.
  path: Assets/Fire.cs
  artifactKey: Guid(13cf4aa798c21134fa8923d19b24af20) Importer(815301076,1909f56bfc062723c751e8b465ee728b)
Start importing Assets/Fire.cs using Guid(13cf4aa798c21134fa8923d19b24af20) Importer(815301076,1909f56bfc062723c751e8b465ee728b)  -> (artifact id: '1fd86c1f2962a4b7e00ee222de6f27ae') in 0.116213 seconds
  Import took 0.177967 seconds .

========================================================================
Received Prepare
Registering precompiled user dll's ...
Registered in 0.006430 seconds.
Begin MonoManager ReloadAssembly
Native extension for WindowsStandalone target not found
Refreshing native plugins compatible for Editor in 0.67 ms, found 1 plugins.
Preloading 0 native plugins for Editor in 0.00 ms.
Invoked RoslynAnalysisRunner static constructor.
RoslynAnalysisRunner will not be running.
RoslynAnalysisRunner has terminated.
Mono: successfully reloaded assembly
- Completed reload, in  8.549 seconds
Platform modules already initialized, skipping
Refreshing native plugins compatible for Editor in 1.49 ms, found 1 plugins.
Preloading 0 native plugins for Editor in 0.00 ms.
Unloading 1934 Unused Serialized files (Serialized files now loaded: 0)
System memory in use before: 92.7 MB.
System memory in use after: 92.8 MB.

Unloading 8 unused Assets to reduce memory usage. Loaded Objects now: 2440.
Total: 4.275400 ms (FindLiveObjects: 0.280000 ms CreateObjectMapping: 0.167900 ms MarkObjects: 3.784100 ms  DeleteObjects: 0.041300 ms)

