Using pre-set license
Built from '2020.2/staging' branch; Version is '2020.2.6f1 (8a2143876886) revision 9052483'; Using compiler version '192528614'; Build Type 'Release'
OS: 'Windows 10 Home Single Language; OS build 18363.1440; Version 1909; 64bit' Language: 'en' Physical Memory: 8092 MB
BatchMode: 1, IsHumanControllingUs: 0, StartBugReporterOnCrash: 0, Is64bit: 1, IsPro: 0

 COMMAND LINE ARGUMENTS:
C:\Program Files\Unity\Hub\Editor\2020.2.6f1\Editor\Unity.exe
-adb2
-batchMode
-noUpm
-name
AssetImportWorker10
-projectPath
C:/Users/mhins/Desktop/Olaf's Adventures
-logFile
Logs/AssetImportWorker10.log
-srvPort
18744
Successfully changed project path to: C:/Users/mhins/Desktop/Olaf's Adventures
C:/Users/mhins/Desktop/Olaf's Adventures
Using Asset Import Pipeline V2.
Refreshing native plugins compatible for Editor in 68.72 ms, found 1 plugins.
Preloading 0 native plugins for Editor in 0.00 ms.
Initialize engine version: 2020.2.6f1 (8a2143876886)
[Subsystems] Discovering subsystems at path C:/Program Files/Unity/Hub/Editor/2020.2.6f1/Editor/Data/Resources/UnitySubsystems
[Subsystems] Discovering subsystems at path C:/Users/mhins/Desktop/Olaf's Adventures/Assets
GfxDevice: creating device client; threaded=0
Direct3D:
    Version:  Direct3D 11.0 [level 11.0]
    Renderer: NVIDIA GeForce 940MX (ID=0x134d)
    Vendor:   
    VRAM:     4065 MB
    Driver:   22.21.13.8264
Initialize mono
Mono path[0] = 'C:/Program Files/Unity/Hub/Editor/2020.2.6f1/Editor/Data/Managed'
Mono path[1] = 'C:/Program Files/Unity/Hub/Editor/2020.2.6f1/Editor/Data/MonoBleedingEdge/lib/mono/unityjit'
Mono config path = 'C:/Program Files/Unity/Hub/Editor/2020.2.6f1/Editor/Data/MonoBleedingEdge/etc'
Using monoOptions --debugger-agent=transport=dt_socket,embedding=1,server=y,suspend=n,address=127.0.0.1:56512
Begin MonoManager ReloadAssembly
Registering precompiled unity dll's ...
Register platform support module: C:/Program Files/Unity/Hub/Editor/2020.2.6f1/Editor/Data/PlaybackEngines/WindowsStandaloneSupport/UnityEditor.WindowsStandalone.Extensions.dll
Registered in 0.003260 seconds.
Native extension for WindowsStandalone target not found
Refreshing native plugins compatible for Editor in 69.84 ms, found 1 plugins.
Preloading 0 native plugins for Editor in 0.00 ms.
Invoked RoslynAnalysisRunner static constructor.
RoslynAnalysisRunner will not be running.
RoslynAnalysisRunner has terminated.
Mono: successfully reloaded assembly
- Completed reload, in  1.635 seconds
Platform modules already initialized, skipping
Registering precompiled user dll's ...
Registered in 0.001416 seconds.
Begin MonoManager ReloadAssembly
Native extension for WindowsStandalone target not found
Refreshing native plugins compatible for Editor in 112.87 ms, found 1 plugins.
Preloading 0 native plugins for Editor in 0.00 ms.
Invoked RoslynAnalysisRunner static constructor.
RoslynAnalysisRunner will not be running.
RoslynAnalysisRunner has terminated.
Mono: successfully reloaded assembly
- Completed reload, in  5.481 seconds
Platform modules already initialized, skipping
========================================================================
Worker process is ready to serve import requests
Launched and connected shader compiler UnityShaderCompiler.exe after 0.80 seconds
Refreshing native plugins compatible for Editor in 0.81 ms, found 1 plugins.
Preloading 0 native plugins for Editor in 0.00 ms.
Unloading 1947 Unused Serialized files (Serialized files now loaded: 0)
System memory in use before: 89.8 MB.
System memory in use after: 89.9 MB.

Unloading 20 unused Assets to reduce memory usage. Loaded Objects now: 2395.
Total: 2.984500 ms (FindLiveObjects: 0.267100 ms CreateObjectMapping: 0.164800 ms MarkObjects: 2.468700 ms  DeleteObjects: 0.082400 ms)

========================================================================
Received Import Request.
  path: Assets/Prefabs/SnowMan.prefab
  artifactKey: Guid(e70bc4fef1bc07445a2324e208e0a981) Importer(815301076,1909f56bfc062723c751e8b465ee728b)
Start importing Assets/Prefabs/SnowMan.prefab using Guid(e70bc4fef1bc07445a2324e208e0a981) Importer(815301076,1909f56bfc062723c751e8b465ee728b)  -> (artifact id: 'a8c80746590dff6368df7ce102f2603d') in 1.315536 seconds
  Import took 1.340322 seconds .

========================================================================
Received Import Request.
  Time since last request: 2263.993305 seconds.
  path: Assets/Scenes/level1.unity
  artifactKey: Guid(4413b54bd8a1086489559d53b8d705a9) Importer(815301076,1909f56bfc062723c751e8b465ee728b)
Start importing Assets/Scenes/level1.unity using Guid(4413b54bd8a1086489559d53b8d705a9) Importer(815301076,1909f56bfc062723c751e8b465ee728b)  -> (artifact id: 'f583a439c206ab7f5a055d6581555f77') in 0.151739 seconds
  Import took 0.425473 seconds .

========================================================================
Received Import Request.
  Time since last request: 679.271001 seconds.
  path: Assets/Scenes/GameOver.unity
  artifactKey: Guid(97c819581fe3d984e91a6d9677985ee1) Importer(815301076,1909f56bfc062723c751e8b465ee728b)
Start importing Assets/Scenes/GameOver.unity using Guid(97c819581fe3d984e91a6d9677985ee1) Importer(815301076,1909f56bfc062723c751e8b465ee728b)  -> (artifact id: 'f6014834052d6b0f7ae9d3556617a13e') in 0.077771 seconds
  Import took 0.144594 seconds .

AssetImportWorkerClient::OnTransportError - code=2 error=End of file
